ROOT "" 0:0.000                   
|  PROTOTYPE "" 5:23.000        
|  |  VOID "void" 5:23.000  void 
|  |  |  DECLID "__assert_fail" 5:23.005 void prototype 
|  |  PARAMLIST "(" 5:23.019         
|  |  |  STRING "string" 5:23.020 string 
|  |  |  |  DECLID "expr" 5:23.027 string variable param lval 
|  |  |  STRING "string" 5:23.033 string 
|  |  |  |  DECLID "file" 5:23.040 string variable param lval 
|  |  |  INT "int" 5:23.046   int 
|  |  |  |  DECLID "line" 5:23.050 int variable param lval 
|  PROTOTYPE "" 5:24.000        
|  |  VOID "void" 5:24.000  void 
|  |  |  DECLID "putb" 5:24.005 void prototype 
|  |  PARAMLIST "(" 5:24.010       
|  |  |  BOOL "bool" 5:24.011  bool 
|  |  |  |  DECLID "b" 5:24.016 bool variable param lval 
|  PROTOTYPE "" 5:25.000        
|  |  VOID "void" 5:25.000  void 
|  |  |  DECLID "putc" 5:25.005 void prototype 
|  |  PARAMLIST "(" 5:25.010       
|  |  |  CHAR "char" 5:25.011  char 
|  |  |  |  DECLID "c" 5:25.016 char variable param lval 
|  PROTOTYPE "" 5:26.000        
|  |  VOID "void" 5:26.000  void 
|  |  |  DECLID "puti" 5:26.005 void prototype 
|  |  PARAMLIST "(" 5:26.010       
|  |  |  INT "int" 5:26.011   int 
|  |  |  |  DECLID "i" 5:26.015 int variable param lval 
|  PROTOTYPE "" 5:27.000        
|  |  VOID "void" 5:27.000  void 
|  |  |  DECLID "puts" 5:27.005 void prototype 
|  |  PARAMLIST "(" 5:27.010       
|  |  |  STRING "string" 5:27.011 string 
|  |  |  |  DECLID "s" 5:27.018 string variable param lval 
|  PROTOTYPE "" 5:28.000        
|  |  VOID "void" 5:28.000  void 
|  |  |  DECLID "endl" 5:28.005 void prototype 
|  |  PARAMLIST "(" 5:28.010       
|  PROTOTYPE "" 5:29.000        
|  |  INT "int" 5:29.000   int 
|  |  |  DECLID "getc" 5:29.004 int prototype 
|  |  PARAMLIST "(" 5:29.009       
|  PROTOTYPE "" 5:30.000        
|  |  STRING "string" 5:30.000 string 
|  |  |  DECLID "getw" 5:30.007 string prototype 
|  |  PARAMLIST "(" 5:30.012       
|  PROTOTYPE "" 5:31.000        
|  |  STRING "string" 5:31.000 string 
|  |  |  DECLID "getln" 5:31.007 string prototype 
|  |  PARAMLIST "(" 5:31.013       
|  PROTOTYPE "" 5:32.006        
|  |  ARRAY "[]" 5:32.006 string array lval vaddr  
|  |  |  STRING "string" 5:32.000 string 
|  |  |  DECLID "getargv" 5:32.009 string array vaddr prototype 
|  |  PARAMLIST "(" 5:32.017       
|  PROTOTYPE "" 5:33.000        
|  |  VOID "void" 5:33.000  void 
|  |  |  DECLID "exit" 5:33.005 void prototype 
|  |  PARAMLIST "(" 5:33.010       
|  |  |  INT "int" 5:33.011   int 
|  |  |  |  DECLID "status" 5:33.015 int variable param lval 
|  BLOCK "{" 6:4.000       
|  |  IFELSE "if" 6:4.001        
|  |  |  '!' "!" 6:4.005 bool vreg 
|  |  |  |  EQ "==" 6:4.014 bool vreg  
|  |  |  |  |  STRINGCON ""null"" 6:4.007 string const 
|  |  |  |  |  NULL "null" 6:4.017  null 
|  |  |  CALL "(" 6:4.038 void prototype    
|  |  |  |  IDENT "__assert_fail" 6:4.024 void prototype 
|  |  |  |  STRINGCON ""\"null\" == null"" 6:4.039 string const 
|  |  |  |  STRINGCON ""07-assert.oc"" 6:4.059 string const 
|  |  |  |  INTCON "4" 6:4.075 int const 
|  ';' ";" 6:4.079       


char* c1 = "null";
char* c2 = "\"null\" == null";
char* c3 = "07-assert.oc";
void __ocmain (void) {
        char  c4 = c1 == 0;
        char  c6 = c1 == 0;
        char  c8 = !c6;
        if(!c8) goto fi_6_4_1;
        ____assert_fail(c2, c3, 4);
fi_6_4_1:;
return;
};
