ROOT "" 0:0.000                   
|  PROTOTYPE "" 5:23.000        
|  |  VOID "void" 5:23.000  void 
|  |  |  DECLID "__assert_fail" 5:23.005 void prototype 
|  |  PARAMLIST "(" 5:23.019         
|  |  |  STRING "string" 5:23.020 string 
|  |  |  |  DECLID "expr" 5:23.027 string variable param lval 
|  |  |  STRING "string" 5:23.033 string 
|  |  |  |  DECLID "file" 5:23.040 string variable param lval 
|  |  |  INT "int" 5:23.046   int 
|  |  |  |  DECLID "line" 5:23.050 int variable param lval 
|  PROTOTYPE "" 5:24.000        
|  |  VOID "void" 5:24.000  void 
|  |  |  DECLID "putb" 5:24.005 void prototype 
|  |  PARAMLIST "(" 5:24.010       
|  |  |  BOOL "bool" 5:24.011  bool 
|  |  |  |  DECLID "b" 5:24.016 bool variable param lval 
|  PROTOTYPE "" 5:25.000        
|  |  VOID "void" 5:25.000  void 
|  |  |  DECLID "putc" 5:25.005 void prototype 
|  |  PARAMLIST "(" 5:25.010       
|  |  |  CHAR "char" 5:25.011  char 
|  |  |  |  DECLID "c" 5:25.016 char variable param lval 
|  PROTOTYPE "" 5:26.000        
|  |  VOID "void" 5:26.000  void 
|  |  |  DECLID "puti" 5:26.005 void prototype 
|  |  PARAMLIST "(" 5:26.010       
|  |  |  INT "int" 5:26.011   int 
|  |  |  |  DECLID "i" 5:26.015 int variable param lval 
|  PROTOTYPE "" 5:27.000        
|  |  VOID "void" 5:27.000  void 
|  |  |  DECLID "puts" 5:27.005 void prototype 
|  |  PARAMLIST "(" 5:27.010       
|  |  |  STRING "string" 5:27.011 string 
|  |  |  |  DECLID "s" 5:27.018 string variable param lval 
|  PROTOTYPE "" 5:28.000        
|  |  VOID "void" 5:28.000  void 
|  |  |  DECLID "endl" 5:28.005 void prototype 
|  |  PARAMLIST "(" 5:28.010       
|  PROTOTYPE "" 5:29.000        
|  |  INT "int" 5:29.000   int 
|  |  |  DECLID "getc" 5:29.004 int prototype 
|  |  PARAMLIST "(" 5:29.009       
|  PROTOTYPE "" 5:30.000        
|  |  STRING "string" 5:30.000 string 
|  |  |  DECLID "getw" 5:30.007 string prototype 
|  |  PARAMLIST "(" 5:30.012       
|  PROTOTYPE "" 5:31.000        
|  |  STRING "string" 5:31.000 string 
|  |  |  DECLID "getln" 5:31.007 string prototype 
|  |  PARAMLIST "(" 5:31.013       
|  PROTOTYPE "" 5:32.006        
|  |  ARRAY "[]" 5:32.006 string array lval vaddr  
|  |  |  STRING "string" 5:32.000 string 
|  |  |  DECLID "getargv" 5:32.009 string array vaddr prototype 
|  |  PARAMLIST "(" 5:32.017       
|  PROTOTYPE "" 5:33.000        
|  |  VOID "void" 5:33.000  void 
|  |  |  DECLID "exit" 5:33.005 void prototype 
|  |  PARAMLIST "(" 5:33.010       
|  |  |  INT "int" 5:33.011   int 
|  |  |  |  DECLID "status" 5:33.015 int variable param lval 
|  VARDECL "=" 6:5.010        
|  |  INT "int" 6:5.000 int lval 
|  |  |  DECLID "count" 6:5.004 int variable lval 
|  |  INTCON "0" 6:5.012 int const vreg 
|  WHILE "while" 6:6.000        
|  |  LE "<=" 6:6.013 bool vreg  
|  |  |  IDENT "count" 6:6.007 int variable lval 
|  |  |  INTCON "100" 6:6.016 int const 
|  |  BLOCK "{" 6:6.021         
|  |  |  '=' "=" 6:7.009        
|  |  |  |  IDENT "count" 6:7.003 int variable lval 
|  |  |  |  '+' "+" 6:7.017 int vreg  
|  |  |  |  |  IDENT "count" 6:7.011 int variable lval 
|  |  |  |  |  INTCON "1" 6:7.019 int const 
|  |  |  CALL "(" 6:8.008 void prototype  
|  |  |  |  IDENT "puti" 6:8.003 void prototype 
|  |  |  |  IDENT "count" 6:8.009 int variable lval 
|  |  |  CALL "(" 6:9.008 void prototype 
|  |  |  |  IDENT "endl" 6:9.003 void prototype 


int __count;
void __ocmain (void) {
        int __count = 0;
while_6_6_0:;
        char  c1 = __count <= 100;
        if(!c1) goto break_6_6_0;
        int  i3 = __count + 1;
         __count = i3;
        __puti(__count);
        __endl();
        goto while_6_6_0;
break_6_6_0:;
return;
};
