ROOT "" 0:0.000                     
|  PROTOTYPE "" 5:23.000        
|  |  VOID "void" 5:23.000  void 
|  |  |  DECLID "__assert_fail" 5:23.005 void prototype 
|  |  PARAMLIST "(" 5:23.019         
|  |  |  STRING "string" 5:23.020 string 
|  |  |  |  DECLID "expr" 5:23.027 string variable param lval 
|  |  |  STRING "string" 5:23.033 string 
|  |  |  |  DECLID "file" 5:23.040 string variable param lval 
|  |  |  INT "int" 5:23.046   int 
|  |  |  |  DECLID "line" 5:23.050 int variable param lval 
|  PROTOTYPE "" 5:24.000        
|  |  VOID "void" 5:24.000  void 
|  |  |  DECLID "putb" 5:24.005 void prototype 
|  |  PARAMLIST "(" 5:24.010       
|  |  |  BOOL "bool" 5:24.011  bool 
|  |  |  |  DECLID "b" 5:24.016 bool variable param lval 
|  PROTOTYPE "" 5:25.000        
|  |  VOID "void" 5:25.000  void 
|  |  |  DECLID "putc" 5:25.005 void prototype 
|  |  PARAMLIST "(" 5:25.010       
|  |  |  CHAR "char" 5:25.011  char 
|  |  |  |  DECLID "c" 5:25.016 char variable param lval 
|  PROTOTYPE "" 5:26.000        
|  |  VOID "void" 5:26.000  void 
|  |  |  DECLID "puti" 5:26.005 void prototype 
|  |  PARAMLIST "(" 5:26.010       
|  |  |  INT "int" 5:26.011   int 
|  |  |  |  DECLID "i" 5:26.015 int variable param lval 
|  PROTOTYPE "" 5:27.000        
|  |  VOID "void" 5:27.000  void 
|  |  |  DECLID "puts" 5:27.005 void prototype 
|  |  PARAMLIST "(" 5:27.010       
|  |  |  STRING "string" 5:27.011 string 
|  |  |  |  DECLID "s" 5:27.018 string variable param lval 
|  PROTOTYPE "" 5:28.000        
|  |  VOID "void" 5:28.000  void 
|  |  |  DECLID "endl" 5:28.005 void prototype 
|  |  PARAMLIST "(" 5:28.010       
|  PROTOTYPE "" 5:29.000        
|  |  INT "int" 5:29.000   int 
|  |  |  DECLID "getc" 5:29.004 int prototype 
|  |  PARAMLIST "(" 5:29.009       
|  PROTOTYPE "" 5:30.000        
|  |  STRING "string" 5:30.000 string 
|  |  |  DECLID "getw" 5:30.007 string prototype 
|  |  PARAMLIST "(" 5:30.012       
|  PROTOTYPE "" 5:31.000        
|  |  STRING "string" 5:31.000 string 
|  |  |  DECLID "getln" 5:31.007 string prototype 
|  |  PARAMLIST "(" 5:31.013       
|  PROTOTYPE "" 5:32.006        
|  |  ARRAY "[]" 5:32.006 string array lval vaddr  
|  |  |  STRING "string" 5:32.000 string 
|  |  |  DECLID "getargv" 5:32.009 string array vaddr prototype 
|  |  PARAMLIST "(" 5:32.017       
|  PROTOTYPE "" 5:33.000        
|  |  VOID "void" 5:33.000  void 
|  |  |  DECLID "exit" 5:33.005 void prototype 
|  |  PARAMLIST "(" 5:33.010       
|  |  |  INT "int" 5:33.011   int 
|  |  |  |  DECLID "status" 5:33.015 int variable param lval 
|  VARDECL "=" 6:5.014        
|  |  ARRAY "[]" 6:5.006 string array lval vaddr  
|  |  |  STRING "string" 6:5.000 string 
|  |  |  DECLID "argv" 6:5.009 string array variable lval 
|  |  CALL "(" 6:5.024 string array vreg vaddr prototype 
|  |  |  IDENT "getargv" 6:5.016 string array vaddr prototype 
|  VARDECL "=" 6:6.009        
|  |  INT "int" 6:6.000 int lval 
|  |  |  DECLID "argi" 6:6.004 int variable lval 
|  |  INTCON "1" 6:6.011 int const vreg 
|  WHILE "while" 6:7.000        
|  |  NE "!=" 6:7.018 bool vreg  
|  |  |  INDEX "[" 6:7.011 string vreg vaddr  
|  |  |  |  IDENT "argv" 6:7.007 string array variable lval 
|  |  |  |  IDENT "argi" 6:7.012 int variable lval 
|  |  |  NULL "null" 6:7.021  null 
|  |  BLOCK "{" 6:7.027         
|  |  |  IFELSE "if" 6:8.003        
|  |  |  |  GT ">" 6:8.012 bool vreg  
|  |  |  |  |  IDENT "argi" 6:8.007 int variable lval 
|  |  |  |  |  INTCON "1" 6:8.014 int const 
|  |  |  |  CALL "(" 6:8.022 void prototype  
|  |  |  |  |  IDENT "putc" 6:8.017 void prototype 
|  |  |  |  |  CHARCON "' '" 6:8.023 char const 
|  |  |  CALL "(" 6:9.008 void prototype  
|  |  |  |  IDENT "puts" 6:9.003 void prototype 
|  |  |  |  INDEX "[" 6:9.013 string vreg vaddr  
|  |  |  |  |  IDENT "argv" 6:9.009 string array variable lval 
|  |  |  |  |  IDENT "argi" 6:9.014 int variable lval 
|  |  |  '=' "=" 6:10.008        
|  |  |  |  IDENT "argi" 6:10.003 int variable lval 
|  |  |  |  '+' "+" 6:10.015 int vreg  
|  |  |  |  |  IDENT "argi" 6:10.010 int variable lval 
|  |  |  |  |  INTCON "1" 6:10.017 int const 
|  CALL "(" 6:12.005 void prototype 
|  |  IDENT "endl" 6:12.000 void prototype 


char** __argv;
int __argi;
void __ocmain (void) {
        char**  a1 = __getargv();
        char** __argv = a1;
        int __argi = 1;
while_6_7_0:;
        char*  *a3 = &__argv[__argi];
        char  c5 = *a3 != 0;
        if(!c5) goto break_6_7_0;
        char  c7 = __argi > 1;
        if(!c7) goto fi_6_8_3;
        __putc(' ');
fi_6_8_3:;
        char*  *a10 = &__argv[__argi];
        __puts(*a10);
        int  i13 = __argi + 1;
         __argi = i13;
        goto while_6_7_0;
break_6_7_0:;
        __endl();
return;
};
