ROOT "" 0:0.000                     
|  PROTOTYPE "" 5:23.000        
|  |  VOID "void" 5:23.000  void 
|  |  |  DECLID "__assert_fail" 5:23.005 void prototype 
|  |  PARAMLIST "(" 5:23.019         
|  |  |  STRING "string" 5:23.020 string 
|  |  |  |  DECLID "expr" 5:23.027 string variable param lval 
|  |  |  STRING "string" 5:23.033 string 
|  |  |  |  DECLID "file" 5:23.040 string variable param lval 
|  |  |  INT "int" 5:23.046   int 
|  |  |  |  DECLID "line" 5:23.050 int variable param lval 
|  PROTOTYPE "" 5:24.000        
|  |  VOID "void" 5:24.000  void 
|  |  |  DECLID "putb" 5:24.005 void prototype 
|  |  PARAMLIST "(" 5:24.010       
|  |  |  BOOL "bool" 5:24.011  bool 
|  |  |  |  DECLID "b" 5:24.016 bool variable param lval 
|  PROTOTYPE "" 5:25.000        
|  |  VOID "void" 5:25.000  void 
|  |  |  DECLID "putc" 5:25.005 void prototype 
|  |  PARAMLIST "(" 5:25.010       
|  |  |  CHAR "char" 5:25.011  char 
|  |  |  |  DECLID "c" 5:25.016 char variable param lval 
|  PROTOTYPE "" 5:26.000        
|  |  VOID "void" 5:26.000  void 
|  |  |  DECLID "puti" 5:26.005 void prototype 
|  |  PARAMLIST "(" 5:26.010       
|  |  |  INT "int" 5:26.011   int 
|  |  |  |  DECLID "i" 5:26.015 int variable param lval 
|  PROTOTYPE "" 5:27.000        
|  |  VOID "void" 5:27.000  void 
|  |  |  DECLID "puts" 5:27.005 void prototype 
|  |  PARAMLIST "(" 5:27.010       
|  |  |  STRING "string" 5:27.011 string 
|  |  |  |  DECLID "s" 5:27.018 string variable param lval 
|  PROTOTYPE "" 5:28.000        
|  |  VOID "void" 5:28.000  void 
|  |  |  DECLID "endl" 5:28.005 void prototype 
|  |  PARAMLIST "(" 5:28.010       
|  PROTOTYPE "" 5:29.000        
|  |  INT "int" 5:29.000   int 
|  |  |  DECLID "getc" 5:29.004 int prototype 
|  |  PARAMLIST "(" 5:29.009       
|  PROTOTYPE "" 5:30.000        
|  |  STRING "string" 5:30.000 string 
|  |  |  DECLID "getw" 5:30.007 string prototype 
|  |  PARAMLIST "(" 5:30.012       
|  PROTOTYPE "" 5:31.000        
|  |  STRING "string" 5:31.000 string 
|  |  |  DECLID "getln" 5:31.007 string prototype 
|  |  PARAMLIST "(" 5:31.013       
|  PROTOTYPE "" 5:32.006        
|  |  ARRAY "[]" 5:32.006 string array lval vaddr  
|  |  |  STRING "string" 5:32.000 string 
|  |  |  DECLID "getargv" 5:32.009 string array vaddr prototype 
|  |  PARAMLIST "(" 5:32.017       
|  PROTOTYPE "" 5:33.000        
|  |  VOID "void" 5:33.000  void 
|  |  |  DECLID "exit" 5:33.005 void prototype 
|  |  PARAMLIST "(" 5:33.010       
|  |  |  INT "int" 5:33.011   int 
|  |  |  |  DECLID "status" 5:33.015 int variable param lval 
|  FUNCTION "" 6:5.000         
|  |  INT "int" 6:5.000   int 
|  |  |  DECLID "atoi" 6:5.004 int function 
|  |  PARAMLIST "(" 6:5.009       
|  |  |  STRING "string" 6:5.010 string 
|  |  |  |  DECLID "str" 6:5.017 string variable param lval 
|  |  BLOCK "{" 6:5.022             
|  |  |  BLOCK "{" 6:6.003       
|  |  |  |  IFELSE "if" 6:6.004        
|  |  |  |  |  '!' "!" 6:6.008 bool vreg 
|  |  |  |  |  |  NE "!=" 6:6.014 bool vreg  
|  |  |  |  |  |  |  IDENT "str" 6:6.010 string variable param lval 
|  |  |  |  |  |  |  NULL "null" 6:6.017  null 
|  |  |  |  |  CALL "(" 6:6.038 void prototype    
|  |  |  |  |  |  IDENT "__assert_fail" 6:6.024 void prototype 
|  |  |  |  |  |  STRINGCON ""str != null"" 6:6.039 string const 
|  |  |  |  |  |  STRINGCON ""23-atoi.oc"" 6:6.054 string const 
|  |  |  |  |  |  INTCON "6" 6:6.068 int const 
|  |  |  ';' ";" 6:6.072       
|  |  |  VARDECL "=" 6:7.012        
|  |  |  |  BOOL "bool" 6:7.003 bool lval 
|  |  |  |  |  DECLID "neg" 6:7.008 bool variable lval 
|  |  |  |  FALSE "false" 6:7.014 bool const vreg 
|  |  |  VARDECL "=" 6:8.011        
|  |  |  |  INT "int" 6:8.003 int lval 
|  |  |  |  |  DECLID "num" 6:8.007 int variable lval 
|  |  |  |  INTCON "0" 6:8.013 int const vreg 
|  |  |  VARDECL "=" 6:9.013        
|  |  |  |  INT "int" 6:9.003 int lval 
|  |  |  |  |  DECLID "digit" 6:9.007 int variable lval 
|  |  |  |  INTCON "0" 6:9.015 int const vreg 
|  |  |  IFELSE "if" 6:10.003        
|  |  |  |  NE "!=" 6:10.014 bool vreg  
|  |  |  |  |  INDEX "[" 6:10.010 char param vreg vaddr  
|  |  |  |  |  |  IDENT "str" 6:10.007 string variable param lval 
|  |  |  |  |  |  INTCON "0" 6:10.011 int const 
|  |  |  |  |  CHARCON "'\0'" 6:10.017 char const 
|  |  |  |  BLOCK "{" 6:10.023          
|  |  |  |  |  IFELSE "if" 6:11.006        
|  |  |  |  |  |  EQ "==" 6:11.017 bool vreg  
|  |  |  |  |  |  |  INDEX "[" 6:11.013 char param vreg vaddr  
|  |  |  |  |  |  |  |  IDENT "str" 6:11.010 string variable param lval 
|  |  |  |  |  |  |  |  INTCON "0" 6:11.014 int const 
|  |  |  |  |  |  |  CHARCON "'-'" 6:11.020 char const 
|  |  |  |  |  |  BLOCK "{" 6:11.025        
|  |  |  |  |  |  |  '=' "=" 6:12.015        
|  |  |  |  |  |  |  |  IDENT "digit" 6:12.009 int variable lval 
|  |  |  |  |  |  |  |  '+' "+" 6:12.023 int vreg  
|  |  |  |  |  |  |  |  |  IDENT "digit" 6:12.017 int variable lval 
|  |  |  |  |  |  |  |  |  INTCON "1" 6:12.025 int const 
|  |  |  |  |  |  |  '=' "=" 6:13.013        
|  |  |  |  |  |  |  |  IDENT "neg" 6:13.009 bool variable lval 
|  |  |  |  |  |  |  |  TRUE "true" 6:13.015 bool const vreg 
|  |  |  |  |  VARDECL "=" 6:15.018        
|  |  |  |  |  |  BOOL "bool" 6:15.006 bool lval 
|  |  |  |  |  |  |  DECLID "contin" 6:15.011 bool variable lval 
|  |  |  |  |  |  TRUE "true" 6:15.020 bool const vreg 
|  |  |  |  |  WHILE "while" 6:16.006        
|  |  |  |  |  |  IDENT "contin" 6:16.013 bool variable lval 
|  |  |  |  |  |  BLOCK "{" 6:16.021       
|  |  |  |  |  |  |  IFELSE "if" 6:17.009         
|  |  |  |  |  |  |  |  EQ "==" 6:17.024 bool vreg  
|  |  |  |  |  |  |  |  |  INDEX "[" 6:17.016 char param vreg vaddr  
|  |  |  |  |  |  |  |  |  |  IDENT "str" 6:17.013 string variable param lval 
|  |  |  |  |  |  |  |  |  |  IDENT "digit" 6:17.017 int variable lval 
|  |  |  |  |  |  |  |  |  CHARCON "'\0'" 6:17.027 char const 
|  |  |  |  |  |  |  |  BLOCK "{" 6:17.033       
|  |  |  |  |  |  |  |  |  '=' "=" 6:18.019        
|  |  |  |  |  |  |  |  |  |  IDENT "contin" 6:18.012 bool variable lval 
|  |  |  |  |  |  |  |  |  |  FALSE "false" 6:18.021 bool const vreg 
|  |  |  |  |  |  |  |  BLOCK "{" 6:19.015         
|  |  |  |  |  |  |  |  |  VARDECL "=" 6:20.019        
|  |  |  |  |  |  |  |  |  |  CHAR "char" 6:20.012 char lval 
|  |  |  |  |  |  |  |  |  |  |  DECLID "c" 6:20.017 char variable lval 
|  |  |  |  |  |  |  |  |  |  INDEX "[" 6:20.024 char param vreg vaddr  
|  |  |  |  |  |  |  |  |  |  |  IDENT "str" 6:20.021 string variable param lval 
|  |  |  |  |  |  |  |  |  |  |  IDENT "digit" 6:20.025 int variable lval 
|  |  |  |  |  |  |  |  |  '=' "=" 6:21.018        
|  |  |  |  |  |  |  |  |  |  IDENT "digit" 6:21.012 int variable lval 
|  |  |  |  |  |  |  |  |  |  '+' "+" 6:21.026 int vreg  
|  |  |  |  |  |  |  |  |  |  |  IDENT "digit" 6:21.020 int variable lval 
|  |  |  |  |  |  |  |  |  |  |  INTCON "1" 6:21.028 int const 
|  |  |  |  |  |  |  |  |  IFELSE "if" 6:22.012         
|  |  |  |  |  |  |  |  |  |  LT "<" 6:22.018 bool vreg  
|  |  |  |  |  |  |  |  |  |  |  IDENT "c" 6:22.016 char variable lval 
|  |  |  |  |  |  |  |  |  |  |  CHARCON "'0'" 6:22.020 char const 
|  |  |  |  |  |  |  |  |  |  '=' "=" 6:22.032        
|  |  |  |  |  |  |  |  |  |  |  IDENT "contin" 6:22.025 bool variable lval 
|  |  |  |  |  |  |  |  |  |  |  FALSE "false" 6:22.034 bool const vreg 
|  |  |  |  |  |  |  |  |  |  IFELSE "if" 6:23.017         
|  |  |  |  |  |  |  |  |  |  |  GT ">" 6:23.023 bool vreg  
|  |  |  |  |  |  |  |  |  |  |  |  IDENT "c" 6:23.021 char variable lval 
|  |  |  |  |  |  |  |  |  |  |  |  CHARCON "'9'" 6:23.025 char const 
|  |  |  |  |  |  |  |  |  |  |  '=' "=" 6:23.037        
|  |  |  |  |  |  |  |  |  |  |  |  IDENT "contin" 6:23.030 bool variable lval 
|  |  |  |  |  |  |  |  |  |  |  |  FALSE "false" 6:23.039 bool const vreg 
|  |  |  |  |  |  |  |  |  |  |  '=' "=" 6:24.021        
|  |  |  |  |  |  |  |  |  |  |  |  IDENT "num" 6:24.017 int variable lval 
|  |  |  |  |  |  |  |  |  |  |  |  '-' "-" 6:24.040 int vreg  
|  |  |  |  |  |  |  |  |  |  |  |  |  '+' "+" 6:24.032 int vreg  
|  |  |  |  |  |  |  |  |  |  |  |  |  |  '*' "*" 6:24.027 int vreg  
|  |  |  |  |  |  |  |  |  |  |  |  |  |  |  IDENT "num" 6:24.023 int variable lval 
|  |  |  |  |  |  |  |  |  |  |  |  |  |  |  INTCON "10" 6:24.029 int const 
|  |  |  |  |  |  |  |  |  |  |  |  |  |  ORD "ord" 6:24.034 int vreg 
|  |  |  |  |  |  |  |  |  |  |  |  |  |  |  IDENT "c" 6:24.038 int variable lval 
|  |  |  |  |  |  |  |  |  |  |  |  |  ORD "ord" 6:24.042 int vreg 
|  |  |  |  |  |  |  |  |  |  |  |  |  |  CHARCON "'0'" 6:24.046 int const 
|  |  |  |  |  IFELSE "if" 6:27.006        
|  |  |  |  |  |  IDENT "neg" 6:27.010 bool variable lval 
|  |  |  |  |  |  '=' "=" 6:27.019        
|  |  |  |  |  |  |  IDENT "num" 6:27.015 int variable lval 
|  |  |  |  |  |  |  NEG "-" 6:27.021 int vreg 
|  |  |  |  |  |  |  |  IDENT "num" 6:27.023 int variable lval 
|  |  |  RETURN "return" 6:29.003 int variable lval 
|  |  |  |  IDENT "num" 6:29.010 int variable lval 
|  VARDECL "=" 6:32.009        
|  |  INT "int" 6:32.000 int lval 
|  |  |  DECLID "argi" 6:32.004 int variable lval 
|  |  INTCON "0" 6:32.011 int const vreg 
|  VARDECL "=" 6:33.014        
|  |  ARRAY "[]" 6:33.006 string array lval vaddr  
|  |  |  STRING "string" 6:33.000 string 
|  |  |  DECLID "argv" 6:33.009 string array variable lval 
|  |  CALL "(" 6:33.024 string array vreg vaddr prototype 
|  |  |  IDENT "getargv" 6:33.016 string array vaddr prototype 
|  WHILE "while" 6:34.000        
|  |  NE "!=" 6:34.018 bool vreg  
|  |  |  INDEX "[" 6:34.011 string vreg vaddr  
|  |  |  |  IDENT "argv" 6:34.007 string array variable lval 
|  |  |  |  IDENT "argi" 6:34.012 int variable lval 
|  |  |  NULL "null" 6:34.021  null 
|  |  BLOCK "{" 6:34.027           
|  |  |  VARDECL "=" 6:35.014        
|  |  |  |  STRING "string" 6:35.003 string lval 
|  |  |  |  |  DECLID "arg" 6:35.010 string variable lval 
|  |  |  |  INDEX "[" 6:35.020 string vreg vaddr  
|  |  |  |  |  IDENT "argv" 6:35.016 string array variable lval 
|  |  |  |  |  IDENT "argi" 6:35.021 int variable lval 
|  |  |  CALL "(" 6:36.008 void prototype  
|  |  |  |  IDENT "puts" 6:36.003 void prototype 
|  |  |  |  IDENT "arg" 6:36.009 string variable lval 
|  |  |  CALL "(" 6:37.008 void prototype  
|  |  |  |  IDENT "puts" 6:37.003 void prototype 
|  |  |  |  STRINGCON "" = "" 6:37.009 string const 
|  |  |  CALL "(" 6:38.008 void prototype  
|  |  |  |  IDENT "puti" 6:38.003 void prototype 
|  |  |  |  CALL "(" 6:38.014   int  
|  |  |  |  |  IDENT "atoi" 6:38.009 int function 
|  |  |  |  |  IDENT "arg" 6:38.015 string variable lval 
|  |  |  CALL "(" 6:39.008 void prototype 
|  |  |  |  IDENT "endl" 6:39.003 void prototype 


char* c1 = "str != null";
char* c2 = "23-atoi.oc";
char* c3 = " = ";
int __argi;
char** __argv;
int __atoi (
        char* _12_str)
{
        char  c4 = _12_str != 0;
        char  c6 = _12_str != 0;
        char  c8 = !c6;
        if(!c8) goto fi_6_6_4;
        ____assert_fail(c1, c2, 6);
fi_6_6_4:;
        char c11 =  0;
        char _12_neg = c11;
        int _12_num = 0;
        int _12_digit = 0;
        char  *a13 = &_12_str[0];
        char  c15 = *a13 != '\0';
        if(!c15) goto fi_6_10_3;
        char  *a17 = &_12_str[0];
        char  c19 = *a17 == '-';
        if(!c19) goto fi_6_11_6;
        int  i21 = _12_digit + 1;
         _12_digit = i21;
        char c23 =  1;
         _12_neg = c23;
fi_6_11_6:;
        char c25 =  1;
        char _14_contin = c25;
while_6_16_6:;
        if(!_14_contin) goto break_6_16_6;
        char  *a27 = &_12_str[_12_digit];
        char  c29 = *a27 == '\0';
if(!c29) goto else_6_17_9;
        char c31 =  0;
         _14_contin = c31;
        goto fi_6_17_9;
else_6_17_9:;
        char  *a33 = &_12_str[_12_digit];
        char _18_c = *a33;
        int  i35 = _12_digit + 1;
         _12_digit = i35;
        char  c37 = _18_c < '0';
if(!c37) goto else_6_22_12;
        char c39 =  0;
         _14_contin = c39;
        goto fi_6_22_12;
else_6_22_12:;
        char  c41 = _18_c > '9';
if(!c41) goto else_6_23_17;
        char c43 =  0;
         _14_contin = c43;
        goto fi_6_23_17;
else_6_23_17:;
        int  i45 = _12_num * 10;
        int  i47 = (int)_18_c;
        int  i49 = i45 + i47;
        int  i51 = (int)'0';
        int  i53 = i49 - i51;
         _12_num = i53;
fi_6_23_17:;
fi_6_22_12:;
fi_6_17_9:;
        goto while_6_16_6;
break_6_16_6:;
        if(!_12_neg) goto fi_6_27_6;
        int  i55 = -_12_num;
         _12_num = i55;
fi_6_27_6:;
fi_6_10_3:;
return _12_num;
};
void __ocmain (void) {
        int __argi = 0;
        char**  a57 = __getargv();
        char** __argv = a57;
while_6_34_0:;
        char*  *a59 = &__argv[__argi];
        char  c61 = *a59 != 0;
        if(!c61) goto break_6_34_0;
        char*  *a63 = &__argv[__argi];
        char* _19_arg = *a63;
        __puts(_19_arg);
        __puts(c3);
        int  i67 = __atoi(_19_arg);
        __puti(i67);
        __endl();
        goto while_6_34_0;
break_6_34_0:;
return;
};
