ROOT "" 0:0.000                      
|  PROTOTYPE "" 5:23.000        
|  |  VOID "void" 5:23.000  void 
|  |  |  DECLID "__assert_fail" 5:23.005 void prototype 
|  |  PARAMLIST "(" 5:23.019         
|  |  |  STRING "string" 5:23.020 string 
|  |  |  |  DECLID "expr" 5:23.027 string variable param lval 
|  |  |  STRING "string" 5:23.033 string 
|  |  |  |  DECLID "file" 5:23.040 string variable param lval 
|  |  |  INT "int" 5:23.046   int 
|  |  |  |  DECLID "line" 5:23.050 int variable param lval 
|  PROTOTYPE "" 5:24.000        
|  |  VOID "void" 5:24.000  void 
|  |  |  DECLID "putb" 5:24.005 void prototype 
|  |  PARAMLIST "(" 5:24.010       
|  |  |  BOOL "bool" 5:24.011  bool 
|  |  |  |  DECLID "b" 5:24.016 bool variable param lval 
|  PROTOTYPE "" 5:25.000        
|  |  VOID "void" 5:25.000  void 
|  |  |  DECLID "putc" 5:25.005 void prototype 
|  |  PARAMLIST "(" 5:25.010       
|  |  |  CHAR "char" 5:25.011  char 
|  |  |  |  DECLID "c" 5:25.016 char variable param lval 
|  PROTOTYPE "" 5:26.000        
|  |  VOID "void" 5:26.000  void 
|  |  |  DECLID "puti" 5:26.005 void prototype 
|  |  PARAMLIST "(" 5:26.010       
|  |  |  INT "int" 5:26.011   int 
|  |  |  |  DECLID "i" 5:26.015 int variable param lval 
|  PROTOTYPE "" 5:27.000        
|  |  VOID "void" 5:27.000  void 
|  |  |  DECLID "puts" 5:27.005 void prototype 
|  |  PARAMLIST "(" 5:27.010       
|  |  |  STRING "string" 5:27.011 string 
|  |  |  |  DECLID "s" 5:27.018 string variable param lval 
|  PROTOTYPE "" 5:28.000        
|  |  VOID "void" 5:28.000  void 
|  |  |  DECLID "endl" 5:28.005 void prototype 
|  |  PARAMLIST "(" 5:28.010       
|  PROTOTYPE "" 5:29.000        
|  |  INT "int" 5:29.000   int 
|  |  |  DECLID "getc" 5:29.004 int prototype 
|  |  PARAMLIST "(" 5:29.009       
|  PROTOTYPE "" 5:30.000        
|  |  STRING "string" 5:30.000 string 
|  |  |  DECLID "getw" 5:30.007 string prototype 
|  |  PARAMLIST "(" 5:30.012       
|  PROTOTYPE "" 5:31.000        
|  |  STRING "string" 5:31.000 string 
|  |  |  DECLID "getln" 5:31.007 string prototype 
|  |  PARAMLIST "(" 5:31.013       
|  PROTOTYPE "" 5:32.006        
|  |  ARRAY "[]" 5:32.006 string array lval vaddr  
|  |  |  STRING "string" 5:32.000 string 
|  |  |  DECLID "getargv" 5:32.009 string array vaddr prototype 
|  |  PARAMLIST "(" 5:32.017       
|  PROTOTYPE "" 5:33.000        
|  |  VOID "void" 5:33.000  void 
|  |  |  DECLID "exit" 5:33.005 void prototype 
|  |  PARAMLIST "(" 5:33.010       
|  |  |  INT "int" 5:33.011   int 
|  |  |  |  DECLID "status" 5:33.015 int variable param lval 
|  VARDECL "=" 6:6.012        
|  |  ARRAY "[]" 6:6.003 int array lval vaddr  
|  |  |  INT "int" 6:6.000   int 
|  |  |  DECLID "board" 6:6.006 int array variable lval 
|  |  NEWARRAY "new" 6:6.014 int array vreg  
|  |  |  INT "int" 6:6.018   int 
|  |  |  INTCON "8" 6:6.022 int const 
|  FUNCTION "" 6:8.000         
|  |  BOOL "bool" 6:8.000  bool 
|  |  |  DECLID "is_safe" 6:8.005 bool function 
|  |  PARAMLIST "(" 6:8.013       
|  |  |  INT "int" 6:8.014   int 
|  |  |  |  DECLID "newcol" 6:8.018 int variable param lval 
|  |  BLOCK "{" 6:8.026         
|  |  |  VARDECL "=" 6:9.011        
|  |  |  |  INT "int" 6:9.003 int lval 
|  |  |  |  |  DECLID "col" 6:9.007 int variable lval 
|  |  |  |  INTCON "0" 6:9.013 int const vreg 
|  |  |  WHILE "while" 6:10.003        
|  |  |  |  LT "<" 6:10.014 bool vreg  
|  |  |  |  |  IDENT "col" 6:10.010 int variable lval 
|  |  |  |  |  IDENT "newcol" 6:10.016 int variable param lval 
|  |  |  |  BLOCK "{" 6:10.024           
|  |  |  |  |  IFELSE "if" 6:11.006        
|  |  |  |  |  |  EQ "==" 6:11.021 bool vreg  
|  |  |  |  |  |  |  INDEX "[" 6:11.015 int vreg vaddr  
|  |  |  |  |  |  |  |  IDENT "board" 6:11.010 int array variable lval 
|  |  |  |  |  |  |  |  IDENT "col" 6:11.016 int variable lval 
|  |  |  |  |  |  |  INDEX "[" 6:11.029 int vreg vaddr  
|  |  |  |  |  |  |  |  IDENT "board" 6:11.024 int array variable lval 
|  |  |  |  |  |  |  |  IDENT "newcol" 6:11.030 int variable param lval 
|  |  |  |  |  |  RETURN "return" 6:11.039 bool const 
|  |  |  |  |  |  |  FALSE "false" 6:11.046 bool const 
|  |  |  |  |  VARDECL "=" 6:12.019        
|  |  |  |  |  |  INT "int" 6:12.006 int lval 
|  |  |  |  |  |  |  DECLID "diagonal" 6:12.010 int variable lval 
|  |  |  |  |  |  '-' "-" 6:12.032 int vreg  
|  |  |  |  |  |  |  INDEX "[" 6:12.026 int vreg vaddr  
|  |  |  |  |  |  |  |  IDENT "board" 6:12.021 int array variable lval 
|  |  |  |  |  |  |  |  IDENT "col" 6:12.027 int variable lval 
|  |  |  |  |  |  |  INDEX "[" 6:12.039 int vreg vaddr  
|  |  |  |  |  |  |  |  IDENT "board" 6:12.034 int array variable lval 
|  |  |  |  |  |  |  |  IDENT "newcol" 6:12.040 int variable param lval 
|  |  |  |  |  IFELSE "if" 6:13.006        
|  |  |  |  |  |  EQ "==" 6:13.019 bool vreg  
|  |  |  |  |  |  |  IDENT "diagonal" 6:13.010 int variable lval 
|  |  |  |  |  |  |  '-' "-" 6:13.026 int vreg  
|  |  |  |  |  |  |  |  IDENT "col" 6:13.022 int variable lval 
|  |  |  |  |  |  |  |  IDENT "newcol" 6:13.028 int variable param lval 
|  |  |  |  |  |  RETURN "return" 6:13.036 bool const 
|  |  |  |  |  |  |  FALSE "false" 6:13.043 bool const 
|  |  |  |  |  IFELSE "if" 6:14.006        
|  |  |  |  |  |  EQ "==" 6:14.019 bool vreg  
|  |  |  |  |  |  |  IDENT "diagonal" 6:14.010 int variable lval 
|  |  |  |  |  |  |  '-' "-" 6:14.029 int vreg  
|  |  |  |  |  |  |  |  IDENT "newcol" 6:14.022 int variable param lval 
|  |  |  |  |  |  |  |  IDENT "col" 6:14.031 int variable lval 
|  |  |  |  |  |  RETURN "return" 6:14.036 bool const 
|  |  |  |  |  |  |  FALSE "false" 6:14.043 bool const 
|  |  |  |  |  '=' "=" 6:15.010        
|  |  |  |  |  |  IDENT "col" 6:15.006 int variable lval 
|  |  |  |  |  |  '+' "+" 6:15.016 int vreg  
|  |  |  |  |  |  |  IDENT "col" 6:15.012 int variable lval 
|  |  |  |  |  |  |  INTCON "1" 6:15.018 int const 
|  |  |  RETURN "return" 6:17.003 bool const 
|  |  |  |  TRUE "true" 6:17.010 bool const 
|  FUNCTION "" 6:20.000         
|  |  VOID "void" 6:20.000  void 
|  |  |  DECLID "printqueens" 6:20.005 void function 
|  |  PARAMLIST "(" 6:20.017       
|  |  BLOCK "{" 6:20.020         
|  |  |  VARDECL "=" 6:21.011        
|  |  |  |  INT "int" 6:21.003 int lval 
|  |  |  |  |  DECLID "col" 6:21.007 int variable lval 
|  |  |  |  INTCON "0" 6:21.013 int const vreg 
|  |  |  WHILE "while" 6:22.003        
|  |  |  |  LT "<" 6:22.014 bool vreg  
|  |  |  |  |  IDENT "col" 6:22.010 int variable lval 
|  |  |  |  |  INTCON "8" 6:22.016 int const 
|  |  |  |  BLOCK "{" 6:22.019        
|  |  |  |  |  CALL "(" 6:23.011 void prototype  
|  |  |  |  |  |  IDENT "putc" 6:23.006 void prototype 
|  |  |  |  |  |  CHR "chr" 6:23.012 char vreg 
|  |  |  |  |  |  |  '+' "+" 6:23.028 char vreg  
|  |  |  |  |  |  |  |  INDEX "[" 6:23.022 int vreg vaddr  
|  |  |  |  |  |  |  |  |  IDENT "board" 6:23.017 int array variable lval 
|  |  |  |  |  |  |  |  |  IDENT "col" 6:23.023 int variable lval 
|  |  |  |  |  |  |  |  ORD "ord" 6:23.030 int vreg 
|  |  |  |  |  |  |  |  |  CHARCON "'1'" 6:23.034 int const 
|  |  |  |  |  '=' "=" 6:24.010        
|  |  |  |  |  |  IDENT "col" 6:24.006 int variable lval 
|  |  |  |  |  |  '+' "+" 6:24.016 int vreg  
|  |  |  |  |  |  |  IDENT "col" 6:24.012 int variable lval 
|  |  |  |  |  |  |  INTCON "1" 6:24.018 int const 
|  |  |  CALL "(" 6:26.008 void prototype  
|  |  |  |  IDENT "putc" 6:26.003 void prototype 
|  |  |  |  CHARCON "'\n'" 6:26.009 char const 
|  FUNCTION "" 6:29.000         
|  |  VOID "void" 6:29.000  void 
|  |  |  DECLID "queens" 6:29.005 void function 
|  |  PARAMLIST "(" 6:29.012       
|  |  |  INT "int" 6:29.013   int 
|  |  |  |  DECLID "newcol" 6:29.017 int variable param lval 
|  |  BLOCK "{" 6:29.025       
|  |  |  IFELSE "if" 6:30.003         
|  |  |  |  EQ "==" 6:30.014 bool vreg  
|  |  |  |  |  IDENT "newcol" 6:30.007 int variable param lval 
|  |  |  |  |  INTCON "8" 6:30.017 int const 
|  |  |  |  CALL "(" 6:30.032  void 
|  |  |  |  |  IDENT "printqueens" 6:30.020 void function 
|  |  |  |  BLOCK "{" 6:31.008        
|  |  |  |  |  VARDECL "=" 6:32.014        
|  |  |  |  |  |  INT "int" 6:32.006 int lval 
|  |  |  |  |  |  |  DECLID "row" 6:32.010 int variable lval 
|  |  |  |  |  |  INTCON "0" 6:32.016 int const vreg 
|  |  |  |  |  WHILE "while" 6:33.006        
|  |  |  |  |  |  LT "<" 6:33.017 bool vreg  
|  |  |  |  |  |  |  IDENT "row" 6:33.013 int variable lval 
|  |  |  |  |  |  |  INTCON "8" 6:33.019 int const 
|  |  |  |  |  |  BLOCK "{" 6:33.022         
|  |  |  |  |  |  |  '=' "=" 6:34.023        
|  |  |  |  |  |  |  |  INDEX "[" 6:34.014 int vreg vaddr  
|  |  |  |  |  |  |  |  |  IDENT "board" 6:34.009 int array variable lval 
|  |  |  |  |  |  |  |  |  IDENT "newcol" 6:34.015 int variable param lval 
|  |  |  |  |  |  |  |  IDENT "row" 6:34.025 int variable vreg 
|  |  |  |  |  |  |  IFELSE "if" 6:35.009        
|  |  |  |  |  |  |  |  CALL "(" 6:35.021  bool  
|  |  |  |  |  |  |  |  |  IDENT "is_safe" 6:35.013 bool function 
|  |  |  |  |  |  |  |  |  IDENT "newcol" 6:35.022 int variable param lval 
|  |  |  |  |  |  |  |  CALL "(" 6:35.038  lval  
|  |  |  |  |  |  |  |  |  IDENT "queens" 6:35.031  lval 
|  |  |  |  |  |  |  |  |  '+' "+" 6:35.046 int vreg  
|  |  |  |  |  |  |  |  |  |  IDENT "newcol" 6:35.039 int variable param lval 
|  |  |  |  |  |  |  |  |  |  INTCON "1" 6:35.048 int const 
|  |  |  |  |  |  |  '=' "=" 6:36.013        
|  |  |  |  |  |  |  |  IDENT "row" 6:36.009 int variable lval 
|  |  |  |  |  |  |  |  '+' "+" 6:36.019 int vreg  
|  |  |  |  |  |  |  |  |  IDENT "row" 6:36.015 int variable lval 
|  |  |  |  |  |  |  |  |  INTCON "1" 6:36.021 int const 
|  CALL "(" 6:42.007  void  
|  |  IDENT "queens" 6:42.000 void function 
|  |  INTCON "0" 6:42.008 int const 


int* __board;
char __is_safe (
        int _12_newcol)
{
        int _12_col = 0;
while_6_10_3:;
        char  c1 = _12_col < _12_newcol;
        if(!c1) goto break_6_10_3;
        int  *a3 = &__board[_12_col];
        int  *a5 = &__board[_12_newcol];
        char  c7 = *a3 == *a5;
        if(!c7) goto fi_6_11_6;
        char c9 =  0;
return c9;
fi_6_11_6:;
        int  *a11 = &__board[_12_col];
        int  *a13 = &__board[_12_newcol];
        int  i15 = *a11 - *a13;
        int _13_diagonal = i15;
        int  i17 = _12_col - _12_newcol;
        char  c19 = _13_diagonal == i17;
        if(!c19) goto fi_6_13_6;
        char c21 =  0;
return c21;
fi_6_13_6:;
        int  i23 = _12_newcol - _12_col;
        char  c25 = _13_diagonal == i23;
        if(!c25) goto fi_6_14_6;
        char c27 =  0;
return c27;
fi_6_14_6:;
        int  i29 = _12_col + 1;
         _12_col = i29;
        goto while_6_10_3;
break_6_10_3:;
        char c31 =  1;
return c31;
};
char __printqueens ()
{
        int _14_col = 0;
while_6_22_3:;
        char  c33 = _14_col < 8;
        if(!c33) goto break_6_22_3;
        int  *a35 = &__board[_14_col];
        int  i37 = (int)'1';
        char  c39 = *a35 + i37;
        char  c41 = (char)c39;
        __putc(c41);
        int  i44 = _14_col + 1;
         _14_col = i44;
        goto while_6_22_3;
break_6_22_3:;
        __putc('\n');
};
char __queens (
        int _16_newcol)
{
        char  c47 = _16_newcol == 8;
if(!c47) goto else_6_30_3;
        __printqueens();
        goto fi_6_30_3;
else_6_30_3:;
        int _17_row = 0;
while_6_33_6:;
        char  c50 = _17_row < 8;
        if(!c50) goto break_6_33_6;
        int  *a52 = &__board[_16_newcol];
        *a52 = _17_row;
        char  c54 = __is_safe(_16_newcol);
        if(!c54) goto fi_6_35_9;
        int  i56 = _16_newcol + 1;
        int  i58 = _16_newcol + 1;
        char  c60 = __queens(i58);
fi_6_35_9:;
        int  i62 = _17_row + 1;
         _17_row = i62;
        goto while_6_33_6;
break_6_33_6:;
fi_6_30_3:;
};
type_reg is = int* 
void __ocmain (void) {
        int*  i64 = xcalloc (8, sizeof(int));
        int* __board = i64;
        __queens(0);
return;
};
