ROOT "" 0:0.000                        
|  PROTOTYPE "" 5:23.000        
|  |  VOID "void" 5:23.000  void 
|  |  |  DECLID "__assert_fail" 5:23.005 void prototype 
|  |  PARAMLIST "(" 5:23.019         
|  |  |  STRING "string" 5:23.020 string 
|  |  |  |  DECLID "expr" 5:23.027 string variable param lval 
|  |  |  STRING "string" 5:23.033 string 
|  |  |  |  DECLID "file" 5:23.040 string variable param lval 
|  |  |  INT "int" 5:23.046   int 
|  |  |  |  DECLID "line" 5:23.050 int variable param lval 
|  PROTOTYPE "" 5:24.000        
|  |  VOID "void" 5:24.000  void 
|  |  |  DECLID "putb" 5:24.005 void prototype 
|  |  PARAMLIST "(" 5:24.010       
|  |  |  BOOL "bool" 5:24.011  bool 
|  |  |  |  DECLID "b" 5:24.016 bool variable param lval 
|  PROTOTYPE "" 5:25.000        
|  |  VOID "void" 5:25.000  void 
|  |  |  DECLID "putc" 5:25.005 void prototype 
|  |  PARAMLIST "(" 5:25.010       
|  |  |  CHAR "char" 5:25.011  char 
|  |  |  |  DECLID "c" 5:25.016 char variable param lval 
|  PROTOTYPE "" 5:26.000        
|  |  VOID "void" 5:26.000  void 
|  |  |  DECLID "puti" 5:26.005 void prototype 
|  |  PARAMLIST "(" 5:26.010       
|  |  |  INT "int" 5:26.011   int 
|  |  |  |  DECLID "i" 5:26.015 int variable param lval 
|  PROTOTYPE "" 5:27.000        
|  |  VOID "void" 5:27.000  void 
|  |  |  DECLID "puts" 5:27.005 void prototype 
|  |  PARAMLIST "(" 5:27.010       
|  |  |  STRING "string" 5:27.011 string 
|  |  |  |  DECLID "s" 5:27.018 string variable param lval 
|  PROTOTYPE "" 5:28.000        
|  |  VOID "void" 5:28.000  void 
|  |  |  DECLID "endl" 5:28.005 void prototype 
|  |  PARAMLIST "(" 5:28.010       
|  PROTOTYPE "" 5:29.000        
|  |  INT "int" 5:29.000   int 
|  |  |  DECLID "getc" 5:29.004 int prototype 
|  |  PARAMLIST "(" 5:29.009       
|  PROTOTYPE "" 5:30.000        
|  |  STRING "string" 5:30.000 string 
|  |  |  DECLID "getw" 5:30.007 string prototype 
|  |  PARAMLIST "(" 5:30.012       
|  PROTOTYPE "" 5:31.000        
|  |  STRING "string" 5:31.000 string 
|  |  |  DECLID "getln" 5:31.007 string prototype 
|  |  PARAMLIST "(" 5:31.013       
|  PROTOTYPE "" 5:32.006        
|  |  ARRAY "[]" 5:32.006 string array lval vaddr  
|  |  |  STRING "string" 5:32.000 string 
|  |  |  DECLID "getargv" 5:32.009 string array vaddr prototype 
|  |  PARAMLIST "(" 5:32.017       
|  PROTOTYPE "" 5:33.000        
|  |  VOID "void" 5:33.000  void 
|  |  |  DECLID "exit" 5:33.005 void prototype 
|  |  PARAMLIST "(" 5:33.010       
|  |  |  INT "int" 5:33.011   int 
|  |  |  |  DECLID "status" 5:33.015 int variable param lval 
|  FUNCTION "" 6:5.000         
|  |  INT "int" 6:5.000   int 
|  |  |  DECLID "dot_product" 6:5.004 int function 
|  |  PARAMLIST "(" 6:5.016         
|  |  |  INT "int" 6:5.017   int 
|  |  |  |  DECLID "size" 6:5.021 int variable param lval 
|  |  |  ARRAY "[]" 6:5.030 int array lval vaddr  
|  |  |  |  INT "int" 6:5.027   int 
|  |  |  |  DECLID "vec1" 6:5.033 int array variable param lval vaddr 
|  |  |  ARRAY "[]" 6:5.042 int array lval vaddr  
|  |  |  |  INT "int" 6:5.039   int 
|  |  |  |  DECLID "vec2" 6:5.045 int array variable param lval vaddr 
|  |  BLOCK "{" 6:5.051          
|  |  |  VARDECL "=" 6:6.013        
|  |  |  |  INT "int" 6:6.003 int lval 
|  |  |  |  |  DECLID "index" 6:6.007 int variable lval 
|  |  |  |  INTCON "0" 6:6.015 int const vreg 
|  |  |  VARDECL "=" 6:7.011        
|  |  |  |  INT "int" 6:7.003 int lval 
|  |  |  |  |  DECLID "dot" 6:7.007 int variable lval 
|  |  |  |  INTCON "0" 6:7.013 int const vreg 
|  |  |  WHILE "while" 6:8.003        
|  |  |  |  LT "<" 6:8.016 bool vreg  
|  |  |  |  |  IDENT "index" 6:8.010 int variable lval 
|  |  |  |  |  IDENT "size" 6:8.018 int variable param lval 
|  |  |  |  BLOCK "{" 6:8.024        
|  |  |  |  |  '=' "=" 6:9.010        
|  |  |  |  |  |  IDENT "dot" 6:9.006 int variable lval 
|  |  |  |  |  |  '+' "+" 6:9.016 int vreg  
|  |  |  |  |  |  |  IDENT "dot" 6:9.012 int variable lval 
|  |  |  |  |  |  |  '*' "*" 6:9.030 int vreg  
|  |  |  |  |  |  |  |  INDEX "[" 6:9.022 int param vreg vaddr  
|  |  |  |  |  |  |  |  |  IDENT "vec1" 6:9.018 int array variable param lval vaddr 
|  |  |  |  |  |  |  |  |  IDENT "index" 6:9.023 int variable lval 
|  |  |  |  |  |  |  |  INDEX "[" 6:9.036 int param vreg vaddr  
|  |  |  |  |  |  |  |  |  IDENT "vec2" 6:9.032 int array variable param lval vaddr 
|  |  |  |  |  |  |  |  |  IDENT "index" 6:9.037 int variable lval 
|  |  |  |  |  '=' "=" 6:10.012        
|  |  |  |  |  |  IDENT "index" 6:10.006 int variable lval 
|  |  |  |  |  |  '+' "+" 6:10.020 int vreg  
|  |  |  |  |  |  |  IDENT "index" 6:10.014 int variable lval 
|  |  |  |  |  |  |  INTCON "1" 6:10.022 int const 
|  |  |  RETURN "return" 6:12.003 int variable lval 
|  |  |  |  IDENT "dot" 6:12.010 int variable lval 
|  VARDECL "=" 6:16.011        
|  |  ARRAY "[]" 6:16.003 int array lval vaddr  
|  |  |  INT "int" 6:16.000   int 
|  |  |  DECLID "vec1" 6:16.006 int array variable lval 
|  |  NEWARRAY "new" 6:16.013 int array vreg  
|  |  |  INT "int" 6:16.017   int 
|  |  |  INTCON "10" 6:16.021 int const 
|  VARDECL "=" 6:17.011        
|  |  ARRAY "[]" 6:17.003 int array lval vaddr  
|  |  |  INT "int" 6:17.000   int 
|  |  |  DECLID "vec2" 6:17.006 int array variable lval 
|  |  NEWARRAY "new" 6:17.013 int array vreg  
|  |  |  INT "int" 6:17.017   int 
|  |  |  INTCON "10" 6:17.021 int const 
|  VARDECL "=" 6:18.006        
|  |  INT "int" 6:18.000 int lval 
|  |  |  DECLID "i" 6:18.004 int variable lval 
|  |  INTCON "0" 6:18.008 int const vreg 
|  WHILE "while" 6:19.000        
|  |  LT "<" 6:19.009 bool vreg  
|  |  |  IDENT "i" 6:19.007 int variable lval 
|  |  |  INTCON "10" 6:19.011 int const 
|  |  BLOCK "{" 6:19.015        
|  |  |  '=' "=" 6:20.011        
|  |  |  |  INDEX "[" 6:20.007 int vreg vaddr  
|  |  |  |  |  IDENT "vec1" 6:20.003 int array variable lval 
|  |  |  |  |  IDENT "i" 6:20.008 int variable lval 
|  |  |  |  '+' "+" 6:20.015 int vreg  
|  |  |  |  |  IDENT "i" 6:20.013 int variable lval 
|  |  |  |  |  INTCON "10" 6:20.017 int const 
|  |  |  '=' "=" 6:21.011        
|  |  |  |  INDEX "[" 6:21.007 int vreg vaddr  
|  |  |  |  |  IDENT "vec2" 6:21.003 int array variable lval 
|  |  |  |  |  IDENT "i" 6:21.008 int variable lval 
|  |  |  |  '*' "*" 6:21.015 int vreg  
|  |  |  |  |  IDENT "i" 6:21.013 int variable lval 
|  |  |  |  |  INTCON "10" 6:21.017 int const 
|  CALL "(" 6:23.005 void prototype  
|  |  IDENT "puti" 6:23.000 void prototype 
|  |  CALL "(" 6:23.018   int    
|  |  |  IDENT "dot_product" 6:23.006 int function 
|  |  |  INTCON "10" 6:23.019 int const 
|  |  |  IDENT "vec1" 6:23.023 int array variable lval 
|  |  |  IDENT "vec2" 6:23.029 int array variable lval 
|  CALL "(" 6:24.005 void prototype 
|  |  IDENT "endl" 6:24.000 void prototype 


int* __vec1;
int* __vec2;
int __i;
int __dot_product (
        int _12_size,

        int* _12_vec1,

        int* _12_vec2)
{
        int _12_index = 0;
        int _12_dot = 0;
while_6_8_3:;
        char  c1 = _12_index < _12_size;
        if(!c1) goto break_6_8_3;
        int  *a3 = &_12_vec1[_12_index];
        int  *a5 = &_12_vec2[_12_index];
        int  i7 = *a3 * *a5;
        int  i9 = _12_dot + i7;
         _12_dot = i9;
        int  i11 = _12_index + 1;
         _12_index = i11;
        goto while_6_8_3;
break_6_8_3:;
return _12_dot;
};
type_reg is = int* 
type_reg is = int* 
void __ocmain (void) {
        int*  i13 = xcalloc (10, sizeof(int));
        int* __vec1 = i13;
        int*  i17 = xcalloc (10, sizeof(int));
        int* __vec2 = i17;
        int __i = 0;
while_6_19_0:;
        char  c21 = __i < 10;
        if(!c21) goto break_6_19_0;
        int  *a23 = &__vec1[__i];
        int  i25 = __i + 10;
        *a23 = i25;
        int  *a27 = &__vec2[__i];
        int  i29 = __i * 10;
        *a27 = i29;
        goto while_6_19_0;
break_6_19_0:;
        int  i31 = __dot_product(10, __vec1, __vec2);
        __puti(i31);
        __endl();
return;
};
