astree.o:
     $Id: auxlib.h,v 1.2 2013-10-11 18:53:00-07 - - $
     $Id: astree.h,v 1.4 2015-04-09 19:31:47-07 - - $
     $Id: lyutils.h,v 1.3 2015-04-09 17:45:26-07 - - $
     $Id: astree.cpp,v 1.1 2015-05-04 13:36:08-07 - - $
     $Compiled: astree.cpp May 25 2015 11:30:04 $

lyutils.o:
     $Id: auxlib.h,v 1.2 2013-10-11 18:53:00-07 - - $
     $Id: astree.h,v 1.4 2015-04-09 19:31:47-07 - - $
     $Id: lyutils.h,v 1.3 2015-04-09 17:45:26-07 - - $
     $Id: lyutils.cpp,v 1.1 2015-04-26 21:22:25-07 - - $
     $Compiled: lyutils.cpp May 25 2015 11:30:04 $

auxlib.o:
     $Id: auxlib.h,v 1.2 2013-10-11 18:53:00-07 - - $
     $Id: auxlib.cpp,v 1.1 2015-05-04 13:36:08-07 - - $
     $Compiled: auxlib.cpp May 23 2015 15:02:39 $

symboltable.o:
     $Id: auxlib.h,v 1.2 2013-10-11 18:53:00-07 - - $
     $Id: astree.h,v 1.4 2015-04-09 19:31:47-07 - - $
     $Id: lyutils.h,v 1.3 2015-04-09 17:45:26-07 - - $

stringset.o:

cppstrtok.o:
     $Id: auxlib.h,v 1.2 2013-10-11 18:53:00-07 - - $
     $Id: astree.h,v 1.4 2015-04-09 19:31:47-07 - - $
     $Id: lyutils.h,v 1.3 2015-04-09 17:45:26-07 - - $

yylex.o:
     $Id: auxlib.h,v 1.2 2013-10-11 18:53:00-07 - - $
     $Id: astree.h,v 1.4 2015-04-09 19:31:47-07 - - $
     $Id: lyutils.h,v 1.3 2015-04-09 17:45:26-07 - - $
     $Id: scanner.l,v 1.5 2015-04-16 17:17:51-07 - - $
     $Compiled: scanner.l May 25 2015 11:30:05 $

yyparse.o:
     $Id: auxlib.h,v 1.2 2013-10-11 18:53:00-07 - - $
     $Id: astree.h,v 1.4 2015-04-09 19:31:47-07 - - $
     $Id: lyutils.h,v 1.3 2015-04-09 17:45:26-07 - - $

oc:
     $Id: auxlib.h,v 1.2 2013-10-11 18:53:00-07 - - $
     $Id: astree.h,v 1.4 2015-04-09 19:31:47-07 - - $
     $Id: lyutils.h,v 1.3 2015-04-09 17:45:26-07 - - $
     $Id: astree.cpp,v 1.1 2015-05-04 13:36:08-07 - - $
     $Compiled: astree.cpp May 25 2015 11:30:04 $
     $Id: auxlib.h,v 1.2 2013-10-11 18:53:00-07 - - $
     $Id: astree.h,v 1.4 2015-04-09 19:31:47-07 - - $
     $Id: lyutils.h,v 1.3 2015-04-09 17:45:26-07 - - $
     $Id: lyutils.cpp,v 1.1 2015-04-26 21:22:25-07 - - $
     $Compiled: lyutils.cpp May 25 2015 11:30:04 $
     $Id: auxlib.h,v 1.2 2013-10-11 18:53:00-07 - - $
     $Id: auxlib.cpp,v 1.1 2015-05-04 13:36:08-07 - - $
     $Compiled: auxlib.cpp May 23 2015 15:02:39 $
     $Id: auxlib.h,v 1.2 2013-10-11 18:53:00-07 - - $
     $Id: astree.h,v 1.4 2015-04-09 19:31:47-07 - - $
     $Id: lyutils.h,v 1.3 2015-04-09 17:45:26-07 - - $
     $Id: auxlib.h,v 1.2 2013-10-11 18:53:00-07 - - $
     $Id: astree.h,v 1.4 2015-04-09 19:31:47-07 - - $
     $Id: lyutils.h,v 1.3 2015-04-09 17:45:26-07 - - $
     $Id: auxlib.h,v 1.2 2013-10-11 18:53:00-07 - - $
     $Id: astree.h,v 1.4 2015-04-09 19:31:47-07 - - $
     $Id: lyutils.h,v 1.3 2015-04-09 17:45:26-07 - - $
     $Id: scanner.l,v 1.5 2015-04-16 17:17:51-07 - - $
     $Compiled: scanner.l May 25 2015 11:30:05 $
     $Id: auxlib.h,v 1.2 2013-10-11 18:53:00-07 - - $
     $Id: astree.h,v 1.4 2015-04-09 19:31:47-07 - - $
     $Id: lyutils.h,v 1.3 2015-04-09 17:45:26-07 - - $
