PRINT


PRINT


ROOT "" 0:0.000        
|  FUNCTION "" 3:3.000         
|  |  INT "int" 3:3.000   int 
|  |  |  DECLID "a" 3:3.004 int function 
|  |  PARAMLIST "(" 3:3.006        
|  |  |  INT "int" 3:3.007   int 
|  |  |  |  DECLID "c" 3:3.011 int variable param lval 
|  |  |  INT "int" 3:3.014   int 
|  |  |  |  DECLID "b" 3:3.018 int variable param lval 
|  |  BLOCK "{" 3:3.021       
|  |  |  RETURN "return" 3:4.004 int variable param lval 
|  |  |  |  IDENT "c" 3:4.011 int variable param lval 
|  FUNCTION "" 3:7.000         
|  |  INT "int" 3:7.000   int 
|  |  |  DECLID "c" 3:7.004 int function 
|  |  PARAMLIST "(" 3:7.006       
|  |  BLOCK "{" 3:7.009       
|  |  |  VARDECL "=" 3:8.010        
|  |  |  |  INT "int" 3:8.004 int lval 
|  |  |  |  |  DECLID "b" 3:8.008 int variable lval 
|  |  |  |  CALL "(" 3:8.014 int vreg   
|  |  |  |  |  IDENT "a" 3:8.012 int function 
|  |  |  |  |  INTCON "4" 3:8.015 int const 
|  |  |  |  |  INTCON "3" 3:8.018 int const 
