astree.o:
     $Id: auxlib.h,v 1.2 2013-09-19 19:55:32-07 - - $
     $Id: astree.h,v 1.3 2013-09-20 12:23:31-07 - - $
     $Id: stringset.h,v 1.5 2013-09-23 14:16:09-07 - - $
     $Id: lyutils.h,v 1.6 2015-04-16 17:19:58-07 - - $
     $Id: astree.cc,v 1.14 2013-10-10 18:48:18-07 - - $
     $Compiled: astree.cc Apr 18 2015 21:44:02 $

emit.o:
     $Id: auxlib.h,v 1.2 2013-09-19 19:55:32-07 - - $
     $Id: astree.h,v 1.3 2013-09-20 12:23:31-07 - - $
     $Id: emit.h,v 1.1 2013-09-19 16:38:25-07 - - $
     $Id: lyutils.h,v 1.6 2015-04-16 17:19:58-07 - - $
     $Id: emit.cc,v 1.3 2013-09-20 17:52:13-07 - - $
     $Compiled: emit.cc Apr 18 2015 21:44:03 $

lyutils.o:
     $Id: auxlib.h,v 1.2 2013-09-19 19:55:32-07 - - $
     $Id: astree.h,v 1.3 2013-09-20 12:23:31-07 - - $
     $Id: lyutils.h,v 1.6 2015-04-16 17:19:58-07 - - $
     $Id: lyutils.cc,v 1.3 2013-10-10 18:17:45-07 - - $
     $Compiled: lyutils.cc Apr 18 2015 21:44:03 $

auxlib.o:
     $Id: auxlib.h,v 1.2 2013-09-19 19:55:32-07 - - $
     $Id: auxlib.cc,v 1.3 2013-09-20 17:52:13-07 - - $
     $Compiled: auxlib.cc Apr 18 2015 21:41:42 $

stringset.o:
     $Id: auxlib.h,v 1.2 2013-09-19 19:55:32-07 - - $
     $Id: stringset.h,v 1.5 2013-09-23 14:16:09-07 - - $
     $Id: stringset.cc,v 1.7 2015-04-16 17:19:22-07 - - $
     $Compiled: stringset.cc Apr 18 2015 21:41:42 $

main.o:
     $Id: auxlib.h,v 1.2 2013-09-19 19:55:32-07 - - $
     $Id: astree.h,v 1.3 2013-09-20 12:23:31-07 - - $
     $Id: emit.h,v 1.1 2013-09-19 16:38:25-07 - - $
     $Id: lyutils.h,v 1.6 2015-04-16 17:19:58-07 - - $
     $Id: stringset.h,v 1.5 2013-09-23 14:16:09-07 - - $
     $Id: main.cc,v 1.4 2013-09-20 17:52:13-07 - - $
     $Compiled: main.cc Apr 18 2015 22:00:06 $

yylex.o:
     $Id: auxlib.h,v 1.2 2013-09-19 19:55:32-07 - - $
     $Id: astree.h,v 1.3 2013-09-20 12:23:31-07 - - $
     $Id: lyutils.h,v 1.6 2015-04-16 17:19:58-07 - - $
     $Id: scanner.l,v 1.5 2015-04-16 17:17:51-07 - - $
     $Compiled: scanner.l Apr 18 2015 21:44:03 $

yyparse.o:
     $Id: auxlib.h,v 1.2 2013-09-19 19:55:32-07 - - $
     $Id: astree.h,v 1.3 2013-09-20 12:23:31-07 - - $
     $Id: lyutils.h,v 1.6 2015-04-16 17:19:58-07 - - $
     $Id: parser.y,v 1.6 2015-04-16 17:17:22-07 - - $
     $Compiled: parser.y Apr 18 2015 21:44:04 $

zexprsm:
     $Id: auxlib.h,v 1.2 2013-09-19 19:55:32-07 - - $
     $Id: astree.h,v 1.3 2013-09-20 12:23:31-07 - - $
     $Id: stringset.h,v 1.5 2013-09-23 14:16:09-07 - - $
     $Id: lyutils.h,v 1.6 2015-04-16 17:19:58-07 - - $
     $Id: astree.cc,v 1.14 2013-10-10 18:48:18-07 - - $
     $Compiled: astree.cc Apr 18 2015 21:44:02 $
     $Id: auxlib.h,v 1.2 2013-09-19 19:55:32-07 - - $
     $Id: astree.h,v 1.3 2013-09-20 12:23:31-07 - - $
     $Id: emit.h,v 1.1 2013-09-19 16:38:25-07 - - $
     $Id: lyutils.h,v 1.6 2015-04-16 17:19:58-07 - - $
     $Id: emit.cc,v 1.3 2013-09-20 17:52:13-07 - - $
     $Compiled: emit.cc Apr 18 2015 21:44:03 $
     $Id: auxlib.h,v 1.2 2013-09-19 19:55:32-07 - - $
     $Id: astree.h,v 1.3 2013-09-20 12:23:31-07 - - $
     $Id: lyutils.h,v 1.6 2015-04-16 17:19:58-07 - - $
     $Id: lyutils.cc,v 1.3 2013-10-10 18:17:45-07 - - $
     $Compiled: lyutils.cc Apr 18 2015 21:44:03 $
     $Id: auxlib.h,v 1.2 2013-09-19 19:55:32-07 - - $
     $Id: auxlib.cc,v 1.3 2013-09-20 17:52:13-07 - - $
     $Compiled: auxlib.cc Apr 18 2015 21:41:42 $
     $Id: auxlib.h,v 1.2 2013-09-19 19:55:32-07 - - $
     $Id: stringset.h,v 1.5 2013-09-23 14:16:09-07 - - $
     $Id: stringset.cc,v 1.7 2015-04-16 17:19:22-07 - - $
     $Compiled: stringset.cc Apr 18 2015 21:41:42 $
     $Id: auxlib.h,v 1.2 2013-09-19 19:55:32-07 - - $
     $Id: astree.h,v 1.3 2013-09-20 12:23:31-07 - - $
     $Id: emit.h,v 1.1 2013-09-19 16:38:25-07 - - $
     $Id: lyutils.h,v 1.6 2015-04-16 17:19:58-07 - - $
     $Id: stringset.h,v 1.5 2013-09-23 14:16:09-07 - - $
     $Id: main.cc,v 1.4 2013-09-20 17:52:13-07 - - $
     $Compiled: main.cc Apr 18 2015 22:00:06 $
     $Id: auxlib.h,v 1.2 2013-09-19 19:55:32-07 - - $
     $Id: astree.h,v 1.3 2013-09-20 12:23:31-07 - - $
     $Id: lyutils.h,v 1.6 2015-04-16 17:19:58-07 - - $
     $Id: scanner.l,v 1.5 2015-04-16 17:17:51-07 - - $
     $Compiled: scanner.l Apr 18 2015 21:44:03 $
     $Id: auxlib.h,v 1.2 2013-09-19 19:55:32-07 - - $
     $Id: astree.h,v 1.3 2013-09-20 12:23:31-07 - - $
     $Id: lyutils.h,v 1.6 2015-04-16 17:19:58-07 - - $
     $Id: parser.y,v 1.6 2015-04-16 17:17:22-07 - - $
     $Compiled: parser.y Apr 18 2015 21:44:04 $
